<?xml version="1.0" encoding="UTF-8"?>
<!-- Generated by org.testng.reporters.JUnitReportReporter -->
<testsuite skipped="0" hostname="Premprakash" name="com.test.runner.TestRunner" tests="1" failures="0" timestamp="02 Feb 2023 12:16:29 GMT" time="10.934" errors="0">
  <testcase name="feature" time="10.934" classname="com.test.runner.TestRunner"/>
</testsuite> <!-- com.test.runner.TestRunner -->
