<?xml version="1.0" encoding="UTF-8"?>
<!-- Generated by org.testng.reporters.JUnitReportReporter -->
<testsuite skipped="0" hostname="Premprakash" name="com.test.runner.TestRunner" tests="1" failures="0" timestamp="13 Jan 2023 10:02:18 GMT" time="37.422" errors="0">
  <testcase name="feature" time="37.422" classname="com.test.runner.TestRunner"/>
</testsuite> <!-- com.test.runner.TestRunner -->
